<?xml version="1.0" encoding="utf-8"?><testsuites name="pytest tests"><testsuite name="pytest" errors="0" failures="0" skipped="0" tests="14" time="16.951" timestamp="2026-06-12T04:32:13.441176+02:00" hostname="DESKTOP-CDSJ922"><testcase classname="Tests.test_model.TestDataset" name="test_dataset_non_vide" time="0.043" /><testcase classname="Tests.test_model.TestDataset" name="test_colonnes_worst_presentes" time="0.002" /><testcase classname="Tests.test_model.TestDataset" name="test_pas_de_valeurs_manquantes_dans_features" time="0.008" /><testcase classname="Tests.test_model.TestDataset" name="test_deux_classes_presentes" time="0.003" /><testcase classname="Tests.test_model.TestDataset" name="test_encodage_m_est_malin" time="0.013" /><testcase classname="Tests.test_model.TestMetriques" name="test_recall_seuil_medical" time="0.445" /><testcase classname="Tests.test_model.TestMetriques" name="test_precision_acceptable" time="0.005" /><testcase classname="Tests.test_model.TestMetriques" name="test_auc_discrimination_globale" time="0.015" /><testcase classname="Tests.test_model.TestMetriques" name="test_f1_score_equilibre" time="0.013" /><testcase classname="Tests.test_model.TestMetriques" name="test_matrice_confusion_pas_de_classe_ignoree" time="0.010" /><testcase classname="Tests.test_model.TestMetriques" name="test_probabilites_valides" time="0.012" /><testcase classname="Tests.test_model.TestRobustesse" name="test_prediction_sur_un_seul_exemple" time="0.022" /><testcase classname="Tests.test_model.TestRobustesse" name="test_prediction_stable_sur_meme_entree" time="0.021" /><testcase classname="Tests.test_model.TestRobustesse" name="test_scaler_dans_plage_attendue" time="0.010" /></testsuite></testsuites>